<?xml version="1.0" encoding="UTF-8"?>
<!-- Generated by org.testng.reporters.JUnitReportReporter -->
<testsuite hostname="Aaqibs-MacBook-Pro.local" failures="0" tests="2" name="com.datadriven.test.FacebookDDtest" time="30.287" errors="0" timestamp="2023-04-09T16:15:17 PKT" skipped="0">
  <testcase classname="com.datadriven.test.FacebookDDtest" name="FacebookloginTest" time="12.430"/>
  <system-out/>
  <testcase classname="com.datadriven.test.FacebookDDtest" name="FacebookloginTest" time="17.857"/>
  <system-out/>
</testsuite> <!-- com.datadriven.test.FacebookDDtest -->
